<?xml version="1.0" encoding="UTF-8"?>
<!-- Generated by org.testng.reporters.JUnitXMLReporter -->
<testsuite ignored="1" hostname="DESKTOP-0FOOI6C" failures="0" tests="6" name="car Loan" time="0.472" errors="0" timestamp="2021-03-23T18:14:12 IST">
  <testcase classname="test.day3" name="mobilelogincarloan" time="0.018"/>
  <testcase classname="test.day3" name="mobilelogincarloan" time="0.005"/>
  <testcase classname="test.day3" name="mobilelogincarloan" time="0.002"/>
  <testcase classname="test.day3" name="mobilesignincarloan" time="0.003"/>
  <testcase classname="test.day3" name="weblogincarloan" time="0.004"/>
  <testcase classname="test.day3" name="APIlogincarloan" time="0.003"/>
  <testcase classname="test.day3" name="mobilesignoutcarloan" time="0.0">
    <ignored/>
  </testcase> <!-- mobilesignoutcarloan -->
</testsuite> <!-- car Loan -->
