<?xml version="1.0" encoding="UTF-8"?>
<!-- Generated by org.testng.reporters.JUnitXMLReporter -->
<testsuite ignored="0" hostname="DESKTOP-0FOOI6C" failures="0" tests="3" name="Home Loan" time="0.324" errors="0" timestamp="2021-03-23T18:14:12 IST">
  <testcase classname="test.day4" name="LoginAPIloginhomeloan" time="0.025"/>
  <testcase classname="test.day4" name="mobileloginhomeloan" time="0.002"/>
  <testcase classname="test.day4" name="webloginHomeloan" time="0.002"/>
</testsuite> <!-- Home Loan -->
