<?xml version="1.0" encoding="UTF-8"?>
<!-- Generated by org.testng.reporters.JUnitXMLReporter -->
<testsuite ignored="3" hostname="DESKTOP-0FOOI6C" failures="0" tests="2" name="Mobile Exclude" time="0.025" errors="0" timestamp="2021-03-21T13:18:57 IST">
  <testcase classname="test.day3" name="LoginAPIlogincarloan" time="0.002"/>
  <testcase classname="test.day3" name="weblogincarloan" time="0.005"/>
  <testcase classname="test.day3" name="mobilesignincarloan" time="0.0">
    <ignored/>
  </testcase> <!-- mobilesignincarloan -->
  <testcase classname="test.day3" name="mobilesignoutcarloan" time="0.0">
    <ignored/>
  </testcase> <!-- mobilesignoutcarloan -->
  <testcase classname="test.day3" name="mobilelogincarloan" time="0.0">
    <ignored/>
  </testcase> <!-- mobilelogincarloan -->
</testsuite> <!-- Mobile Exclude -->
