<?xml version="1.0" encoding="UTF-8"?>
<!-- Generated by org.testng.reporters.JUnitXMLReporter -->
<testsuite ignored="8" hostname="DESKTOP-0FOOI6C" failures="0" tests="3" name="Regression" time="0.132" errors="0" timestamp="2021-03-22T15:58:46 IST">
  <testcase classname="test.day2" name="ploan" time="0.017"/>
  <testcase classname="test.day3" name="mobilesignincarloan" time="0.004"/>
  <testcase classname="test.day4" name="mobileloginhomeloan" time="0.007"/>
  <testcase classname="test.day4" name="webloginHomeloan" time="0.0">
    <ignored/>
  </testcase> <!-- webloginHomeloan -->
  <testcase classname="test.day3" name="weblogincarloan" time="0.0">
    <ignored/>
  </testcase> <!-- weblogincarloan -->
  <testcase classname="test.day1" name="Demo2" time="0.0">
    <ignored/>
  </testcase> <!-- Demo2 -->
  <testcase classname="test.day4" name="LoginAPIloginhomeloan" time="0.0">
    <ignored/>
  </testcase> <!-- LoginAPIloginhomeloan -->
  <testcase classname="test.day1" name="Demo" time="0.0">
    <ignored/>
  </testcase> <!-- Demo -->
  <testcase classname="test.day3" name="mobilesignoutcarloan" time="0.0">
    <ignored/>
  </testcase> <!-- mobilesignoutcarloan -->
  <testcase classname="test.day3" name="APIlogincarloan" time="0.0">
    <ignored/>
  </testcase> <!-- APIlogincarloan -->
  <testcase classname="test.day3" name="mobilelogincarloan" time="0.0">
    <ignored/>
  </testcase> <!-- mobilelogincarloan -->
</testsuite> <!-- Regression -->
