<?xml version="1.0" encoding="UTF-8"?>
<testng-results ignored="1" total="12" passed="11" failed="0" skipped="0">
  <reporter-output>
  </reporter-output>
  <suite started-at="2021-03-23T18:14:11 IST" name="Loan Department" finished-at="2021-03-23T18:14:12 IST" duration-ms="1016">
    <groups>
      <group name="Smoke">
        <method signature="day3.mobilesignincarloan()[pri:0, instance:test.day3@79ad8b2f]" name="mobilesignincarloan" class="test.day3"/>
        <method signature="day4.mobileloginhomeloan()[pri:0, instance:test.day4@15b204a1]" name="mobileloginhomeloan" class="test.day4"/>
      </group> <!-- Smoke -->
    </groups>
    <test started-at="2021-03-23T18:14:11 IST" name="car Loan" finished-at="2021-03-23T18:14:11 IST" duration-ms="472">
      <class name="test.day3">
        <test-method signature="mobilelogincarloan(java.lang.String, java.lang.String)[pri:0, instance:test.day3@79ad8b2f]" started-at="2021-03-23T18:14:11 IST" name="mobilelogincarloan" data-provider="getData" finished-at="2021-03-23T18:14:11 IST" duration-ms="18" status="PASS">
          <params>
            <param index="0">
              <value>
                <![CDATA[firstset username]]>
              </value>
            </param>
            <param index="1">
              <value>
                <![CDATA[first password]]>
              </value>
            </param>
          </params>
          <reporter-output>
          </reporter-output>
        </test-method> <!-- mobilelogincarloan -->
        <test-method signature="mobilelogincarloan(java.lang.String, java.lang.String)[pri:0, instance:test.day3@79ad8b2f]" started-at="2021-03-23T18:14:11 IST" name="mobilelogincarloan" data-provider="getData" finished-at="2021-03-23T18:14:11 IST" duration-ms="5" status="PASS">
          <params>
            <param index="0">
              <value>
                <![CDATA[secondset username]]>
              </value>
            </param>
            <param index="1">
              <value>
                <![CDATA[second password]]>
              </value>
            </param>
          </params>
          <reporter-output>
          </reporter-output>
        </test-method> <!-- mobilelogincarloan -->
        <test-method signature="mobilelogincarloan(java.lang.String, java.lang.String)[pri:0, instance:test.day3@79ad8b2f]" started-at="2021-03-23T18:14:11 IST" name="mobilelogincarloan" data-provider="getData" finished-at="2021-03-23T18:14:11 IST" duration-ms="2" status="PASS">
          <params>
            <param index="0">
              <value>
                <![CDATA[thirdset username]]>
              </value>
            </param>
            <param index="1">
              <value>
                <![CDATA[third password]]>
              </value>
            </param>
          </params>
          <reporter-output>
          </reporter-output>
        </test-method> <!-- mobilelogincarloan -->
        <test-method signature="mobilesignincarloan()[pri:0, instance:test.day3@79ad8b2f]" started-at="2021-03-23T18:14:11 IST" name="mobilesignincarloan" finished-at="2021-03-23T18:14:11 IST" duration-ms="3" status="PASS">
          <reporter-output>
          </reporter-output>
        </test-method> <!-- mobilesignincarloan -->
        <test-method signature="weblogincarloan(java.lang.String, java.lang.String)[pri:0, instance:test.day3@79ad8b2f]" started-at="2021-03-23T18:14:11 IST" name="weblogincarloan" finished-at="2021-03-23T18:14:11 IST" duration-ms="4" status="PASS">
          <params>
            <param index="0">
              <value>
                <![CDATA[www.carloan.com]]>
              </value>
            </param>
            <param index="1">
              <value>
                <![CDATA[1234]]>
              </value>
            </param>
          </params>
          <reporter-output>
          </reporter-output>
        </test-method> <!-- weblogincarloan -->
        <test-method signature="APIlogincarloan()[pri:0, instance:test.day3@79ad8b2f]" started-at="2021-03-23T18:14:11 IST" name="APIlogincarloan" finished-at="2021-03-23T18:14:11 IST" depends-on-methods="test.day3.mobilelogincarloan, test.day3.weblogincarloan" duration-ms="3" status="PASS">
          <reporter-output>
          </reporter-output>
        </test-method> <!-- APIlogincarloan -->
      </class> <!-- test.day3 -->
    </test> <!-- car Loan -->
    <test started-at="2021-03-23T18:14:11 IST" name="Home Loan" finished-at="2021-03-23T18:14:11 IST" duration-ms="324">
      <class name="test.day4">
        <test-method signature="LoginAPIloginhomeloan()[pri:0, instance:test.day4@15b204a1]" started-at="2021-03-23T18:14:11 IST" name="LoginAPIloginhomeloan" finished-at="2021-03-23T18:14:11 IST" duration-ms="25" status="PASS">
          <reporter-output>
          </reporter-output>
        </test-method> <!-- LoginAPIloginhomeloan -->
        <test-method signature="mobileloginhomeloan()[pri:0, instance:test.day4@15b204a1]" started-at="2021-03-23T18:14:11 IST" name="mobileloginhomeloan" finished-at="2021-03-23T18:14:11 IST" duration-ms="2" status="PASS">
          <reporter-output>
          </reporter-output>
        </test-method> <!-- mobileloginhomeloan -->
        <test-method signature="webloginHomeloan(java.lang.String)[pri:0, instance:test.day4@15b204a1]" started-at="2021-03-23T18:14:11 IST" name="webloginHomeloan" finished-at="2021-03-23T18:14:11 IST" duration-ms="2" status="PASS">
          <params>
            <param index="0">
              <value>
                <![CDATA[www.carloan.com]]>
              </value>
            </param>
          </params>
          <reporter-output>
          </reporter-output>
        </test-method> <!-- webloginHomeloan -->
      </class> <!-- test.day4 -->
    </test> <!-- Home Loan -->
    <test started-at="2021-03-23T18:14:12 IST" name="personal Loan" finished-at="2021-03-23T18:14:12 IST" duration-ms="15">
      <class name="test.day1">
        <test-method signature="Demo(java.lang.String)[pri:0, instance:test.day1@309e345f]" started-at="2021-03-23T18:14:12 IST" name="Demo" finished-at="2021-03-23T18:14:12 IST" duration-ms="4" status="PASS">
          <params>
            <param index="0">
              <value>
                <![CDATA[www.carloan.com]]>
              </value>
            </param>
          </params>
          <reporter-output>
          </reporter-output>
        </test-method> <!-- Demo -->
        <test-method signature="Demo2()[pri:0, instance:test.day1@309e345f]" started-at="2021-03-23T18:14:12 IST" name="Demo2" finished-at="2021-03-23T18:14:12 IST" duration-ms="3" status="PASS">
          <reporter-output>
          </reporter-output>
        </test-method> <!-- Demo2 -->
      </class> <!-- test.day1 -->
    </test> <!-- personal Loan -->
  </suite> <!-- Loan Department -->
</testng-results>
